C:\USERS\OREN ISH SHALOM\DOCUMENTS\JOB\MTA\2014-2015\SEMESTER_01\COMPILATION\COMPILATION_FOR_STUDENTS\STEP_01_LEXICAL_ANALYZER\LEXICALANALYZER\DEBUG\DRIVER.OBJ
C:\USERS\OREN ISH SHALOM\DOCUMENTS\JOB\MTA\2014-2015\SEMESTER_01\COMPILATION\COMPILATION_FOR_STUDENTS\STEP_01_LEXICAL_ANALYZER\LEXICALANALYZER\DEBUG\ERRORMSG.OBJ
C:\USERS\OREN ISH SHALOM\DOCUMENTS\JOB\MTA\2014-2015\SEMESTER_01\COMPILATION\COMPILATION_FOR_STUDENTS\STEP_01_LEXICAL_ANALYZER\LEXICALANALYZER\DEBUG\LEX.YY.OBJ
C:\USERS\OREN ISH SHALOM\DOCUMENTS\JOB\MTA\2014-2015\SEMESTER_01\COMPILATION\COMPILATION_FOR_STUDENTS\STEP_01_LEXICAL_ANALYZER\LEXICALANALYZER\DEBUG\LEXICALANALYZER.EXE
C:\USERS\OREN ISH SHALOM\DOCUMENTS\JOB\MTA\2014-2015\SEMESTER_01\COMPILATION\COMPILATION_FOR_STUDENTS\STEP_01_LEXICAL_ANALYZER\LEXICALANALYZER\DEBUG\LEXICALANALYZER.EXE.EMBED.MANIFEST
C:\USERS\OREN ISH SHALOM\DOCUMENTS\JOB\MTA\2014-2015\SEMESTER_01\COMPILATION\COMPILATION_FOR_STUDENTS\STEP_01_LEXICAL_ANALYZER\LEXICALANALYZER\DEBUG\LEXICALANALYZER.EXE.EMBED.MANIFEST.RES
C:\USERS\OREN ISH SHALOM\DOCUMENTS\JOB\MTA\2014-2015\SEMESTER_01\COMPILATION\COMPILATION_FOR_STUDENTS\STEP_01_LEXICAL_ANALYZER\LEXICALANALYZER\DEBUG\LEXICALANALYZER.EXE.INTERMEDIATE.MANIFEST
C:\USERS\OREN ISH SHALOM\DOCUMENTS\JOB\MTA\2014-2015\SEMESTER_01\COMPILATION\COMPILATION_FOR_STUDENTS\STEP_01_LEXICAL_ANALYZER\LEXICALANALYZER\DEBUG\LEXICALANALYZER.ILK
C:\USERS\OREN ISH SHALOM\DOCUMENTS\JOB\MTA\2014-2015\SEMESTER_01\COMPILATION\COMPILATION_FOR_STUDENTS\STEP_01_LEXICAL_ANALYZER\LEXICALANALYZER\DEBUG\LEXICALANALYZER.PDB
C:\USERS\OREN ISH SHALOM\DOCUMENTS\JOB\MTA\2014-2015\SEMESTER_01\COMPILATION\COMPILATION_FOR_STUDENTS\STEP_01_LEXICAL_ANALYZER\LEXICALANALYZER\DEBUG\UTIL.OBJ
C:\USERS\OREN ISH SHALOM\DOCUMENTS\JOB\MTA\2014-2015\SEMESTER_01\COMPILATION\COMPILATION_FOR_STUDENTS\STEP_01_LEXICAL_ANALYZER\LEXICALANALYZER\DEBUG\VC100.PDB
C:\Users\user\Dropbox\MTA\COMPILATION\2015-2016\Compilation\Compilation_For_Students\Compiler\Step_01_Lexical_Analyzer\LexicalAnalyzer\Debug\cl.command.1.tlog
C:\Users\user\Dropbox\MTA\COMPILATION\2015-2016\Compilation\Compilation_For_Students\Compiler\Step_01_Lexical_Analyzer\LexicalAnalyzer\Debug\CL.read.1.tlog
C:\Users\user\Dropbox\MTA\COMPILATION\2015-2016\Compilation\Compilation_For_Students\Compiler\Step_01_Lexical_Analyzer\LexicalAnalyzer\Debug\CL.write.1.tlog
C:\USERS\USER\DROPBOX\MTA\COMPILATION\2015-2016\COMPILATION\COMPILATION_FOR_STUDENTS\COMPILER\STEP_01_LEXICAL_ANALYZER\LEXICALANALYZER\DEBUG\DRIVER.OBJ
C:\USERS\USER\DROPBOX\MTA\COMPILATION\2015-2016\COMPILATION\COMPILATION_FOR_STUDENTS\COMPILER\STEP_01_LEXICAL_ANALYZER\LEXICALANALYZER\DEBUG\ERRORMSG.OBJ
C:\USERS\USER\DROPBOX\MTA\COMPILATION\2015-2016\COMPILATION\COMPILATION_FOR_STUDENTS\COMPILER\STEP_01_LEXICAL_ANALYZER\LEXICALANALYZER\DEBUG\LEX.YY.OBJ
C:\USERS\USER\DROPBOX\MTA\COMPILATION\2015-2016\COMPILATION\COMPILATION_FOR_STUDENTS\COMPILER\STEP_01_LEXICAL_ANALYZER\LEXICALANALYZER\DEBUG\LEXICALANALYZER.EXE
C:\Users\user\Dropbox\MTA\COMPILATION\2015-2016\Compilation\Compilation_For_Students\Compiler\Step_01_Lexical_Analyzer\LexicalAnalyzer\Debug\LexicalAnalyzer.exe.embed.manifest
C:\USERS\USER\DROPBOX\MTA\COMPILATION\2015-2016\COMPILATION\COMPILATION_FOR_STUDENTS\COMPILER\STEP_01_LEXICAL_ANALYZER\LEXICALANALYZER\DEBUG\LEXICALANALYZER.EXE.EMBED.MANIFEST.RES
C:\USERS\USER\DROPBOX\MTA\COMPILATION\2015-2016\COMPILATION\COMPILATION_FOR_STUDENTS\COMPILER\STEP_01_LEXICAL_ANALYZER\LEXICALANALYZER\DEBUG\LEXICALANALYZER.EXE.INTERMEDIATE.MANIFEST
C:\USERS\USER\DROPBOX\MTA\COMPILATION\2015-2016\COMPILATION\COMPILATION_FOR_STUDENTS\COMPILER\STEP_01_LEXICAL_ANALYZER\LEXICALANALYZER\DEBUG\LEXICALANALYZER.PDB
C:\Users\user\Dropbox\MTA\COMPILATION\2015-2016\Compilation\Compilation_For_Students\Compiler\Step_01_Lexical_Analyzer\LexicalAnalyzer\Debug\LexicalAnalyzer.vcxprojResolveAssemblyReference.cache
C:\Users\user\Dropbox\MTA\COMPILATION\2015-2016\Compilation\Compilation_For_Students\Compiler\Step_01_Lexical_Analyzer\LexicalAnalyzer\Debug\LexicalAnalyzer.write.1.tlog
C:\Users\user\Dropbox\MTA\COMPILATION\2015-2016\Compilation\Compilation_For_Students\Compiler\Step_01_Lexical_Analyzer\LexicalAnalyzer\Debug\LexicalAnalyzer_manifest.rc
C:\Users\user\Dropbox\MTA\COMPILATION\2015-2016\Compilation\Compilation_For_Students\Compiler\Step_01_Lexical_Analyzer\LexicalAnalyzer\Debug\link.26808.read.1.tlog
C:\Users\user\Dropbox\MTA\COMPILATION\2015-2016\Compilation\Compilation_For_Students\Compiler\Step_01_Lexical_Analyzer\LexicalAnalyzer\Debug\link.26808.write.1.tlog
C:\Users\user\Dropbox\MTA\COMPILATION\2015-2016\Compilation\Compilation_For_Students\Compiler\Step_01_Lexical_Analyzer\LexicalAnalyzer\Debug\link.26808-cvtres.read.1.tlog
C:\Users\user\Dropbox\MTA\COMPILATION\2015-2016\Compilation\Compilation_For_Students\Compiler\Step_01_Lexical_Analyzer\LexicalAnalyzer\Debug\link.26808-cvtres.write.1.tlog
C:\Users\user\Dropbox\MTA\COMPILATION\2015-2016\Compilation\Compilation_For_Students\Compiler\Step_01_Lexical_Analyzer\LexicalAnalyzer\Debug\link.command.1.tlog
C:\Users\user\Dropbox\MTA\COMPILATION\2015-2016\Compilation\Compilation_For_Students\Compiler\Step_01_Lexical_Analyzer\LexicalAnalyzer\Debug\link.read.1.tlog
C:\Users\user\Dropbox\MTA\COMPILATION\2015-2016\Compilation\Compilation_For_Students\Compiler\Step_01_Lexical_Analyzer\LexicalAnalyzer\Debug\link.write.1.tlog
C:\Users\user\Dropbox\MTA\COMPILATION\2015-2016\Compilation\Compilation_For_Students\Compiler\Step_01_Lexical_Analyzer\LexicalAnalyzer\Debug\link-cvtres.read.1.tlog
C:\Users\user\Dropbox\MTA\COMPILATION\2015-2016\Compilation\Compilation_For_Students\Compiler\Step_01_Lexical_Analyzer\LexicalAnalyzer\Debug\link-cvtres.write.1.tlog
C:\Users\user\Dropbox\MTA\COMPILATION\2015-2016\Compilation\Compilation_For_Students\Compiler\Step_01_Lexical_Analyzer\LexicalAnalyzer\Debug\mt.command.1.tlog
C:\Users\user\Dropbox\MTA\COMPILATION\2015-2016\Compilation\Compilation_For_Students\Compiler\Step_01_Lexical_Analyzer\LexicalAnalyzer\Debug\mt.read.1.tlog
C:\Users\user\Dropbox\MTA\COMPILATION\2015-2016\Compilation\Compilation_For_Students\Compiler\Step_01_Lexical_Analyzer\LexicalAnalyzer\Debug\mt.write.1.tlog
C:\Users\user\Dropbox\MTA\COMPILATION\2015-2016\Compilation\Compilation_For_Students\Compiler\Step_01_Lexical_Analyzer\LexicalAnalyzer\Debug\rc.command.1.tlog
C:\Users\user\Dropbox\MTA\COMPILATION\2015-2016\Compilation\Compilation_For_Students\Compiler\Step_01_Lexical_Analyzer\LexicalAnalyzer\Debug\rc.read.1.tlog
C:\Users\user\Dropbox\MTA\COMPILATION\2015-2016\Compilation\Compilation_For_Students\Compiler\Step_01_Lexical_Analyzer\LexicalAnalyzer\Debug\rc.write.1.tlog
C:\USERS\USER\DROPBOX\MTA\COMPILATION\2015-2016\COMPILATION\COMPILATION_FOR_STUDENTS\COMPILER\STEP_01_LEXICAL_ANALYZER\LEXICALANALYZER\DEBUG\UTIL.OBJ
C:\Users\user\Dropbox\MTA\COMPILATION\2015-2016\Compilation\Compilation_For_Students\Compiler\Step_01_Lexical_Analyzer\LexicalAnalyzer\Debug\vc100.idb
C:\USERS\USER\DROPBOX\MTA\COMPILATION\2015-2016\COMPILATION\COMPILATION_FOR_STUDENTS\COMPILER\STEP_01_LEXICAL_ANALYZER\LEXICALANALYZER\DEBUG\VC100.PDB
